#
# There is insufficient memory for the Java Runtime Environment to continue.
# Native memory allocation (malloc) failed to allocate 847936 bytes for Chunk::new
# Possible reasons:
#   The system is out of physical RAM or swap space
#   The process is running with CompressedOops enabled, and the Java Heap may be blocking the growth of the native heap
# Possible solutions:
#   Reduce memory load on the system
#   Increase physical memory or swap space
#   Check if swap backing store is full
#   Decrease Java heap size (-Xmx/-Xms)
#   Decrease number of Java threads
#   Decrease Java thread stack sizes (-Xss)
#   Set larger code cache with -XX:ReservedCodeCacheSize=
#   JVM is running with Unscaled Compressed Oops mode in which the Java heap is
#     placed in the first 4GB address space. The Java Heap base address is the
#     maximum limit for the native heap growth. Please use -XX:HeapBaseMinAddress
#     to set the Java Heap base and to place the Java Heap above 4GB virtual address.
# This output file may be truncated or incomplete.
#
#  Out of Memory Error (allocation.cpp:389), pid=15944, tid=0x00000000000014f8
#
# JRE version: OpenJDK Runtime Environment (8.0_242-b01) (build 1.8.0_242-release-1644-b01)
# Java VM: OpenJDK 64-Bit Server VM (25.242-b01 mixed mode windows-amd64 compressed oops)
# Failed to write core dump. Minidumps are not enabled by default on client versions of Windows
#

---------------  T H R E A D  ---------------

Current thread (0x0000000019e31000):  JavaThread "C2 CompilerThread2" daemon [_thread_in_native, id=5368, stack(0x000000001b690000,0x000000001b790000)]

Stack: [0x000000001b690000,0x000000001b790000]
[error occurred during error reporting (printing stack bounds), id 0xc0000005]

Native frames: (J=compiled Java code, j=interpreted, Vv=VM code, C=native code)


Current CompileTask:
C2:  36831 16182 %     4       com.android.tools.r8.ir.regalloc.a::a @ 1573 (3992 bytes)


---------------  P R O C E S S  ---------------

Java Threads: ( => current thread )
  0x00000000218e1000 JavaThread "WorkerExecutor Queue Thread 13" [_thread_blocked, id=14628, stack(0x0000000033380000,0x0000000033480000)]
  0x00000000218e0000 JavaThread "WorkerExecutor Queue Thread 12" [_thread_blocked, id=19068, stack(0x0000000033280000,0x0000000033380000)]
  0x00000000218de800 JavaThread "WorkerExecutor Queue Thread 11" [_thread_blocked, id=26864, stack(0x0000000033030000,0x0000000033130000)]
  0x00000000218de000 JavaThread "WorkerExecutor Queue Thread 10" [_thread_blocked, id=26632, stack(0x0000000032f30000,0x0000000033030000)]
  0x00000000218db800 JavaThread "WorkerExecutor Queue Thread 9" [_thread_blocked, id=3464, stack(0x0000000032e30000,0x0000000032f30000)]
  0x00000000218e1800 JavaThread "WorkerExecutor Queue Thread 8" [_thread_blocked, id=16380, stack(0x0000000032d30000,0x0000000032e30000)]
  0x00000000218df800 JavaThread "WorkerExecutor Queue Thread 7" [_thread_blocked, id=23732, stack(0x0000000032c30000,0x0000000032d30000)]
  0x00000000218d4000 JavaThread "WorkerExecutor Queue Thread 6" [_thread_blocked, id=21440, stack(0x0000000032b30000,0x0000000032c30000)]
  0x00000000218db000 JavaThread "WorkerExecutor Queue Thread 5" [_thread_blocked, id=24908, stack(0x0000000032a30000,0x0000000032b30000)]
  0x00000000218d5000 JavaThread "WorkerExecutor Queue Thread 4" [_thread_blocked, id=8396, stack(0x0000000032930000,0x0000000032a30000)]
  0x00000000218d3800 JavaThread "WorkerExecutor Queue Thread 3" [_thread_blocked, id=17112, stack(0x0000000032830000,0x0000000032930000)]
  0x0000000020bce800 JavaThread "WorkerExecutor Queue Thread 2" [_thread_blocked, id=18828, stack(0x0000000032730000,0x0000000032830000)]
  0x0000000020bcd000 JavaThread "WorkerExecutor Queue" [_thread_in_Java, id=22616, stack(0x000000002f450000,0x000000002f550000)]
  0x0000000020bce000 JavaThread "ForkJoinPool.commonPool-worker-11" daemon [_thread_blocked, id=10412, stack(0x000000002fd60000,0x000000002fe60000)]
  0x0000000020bcb800 JavaThread "ForkJoinPool.commonPool-worker-2" daemon [_thread_blocked, id=16364, stack(0x000000002f960000,0x000000002fa60000)]
  0x0000000020bca800 JavaThread "ForkJoinPool.commonPool-worker-9" daemon [_thread_blocked, id=21336, stack(0x000000002eb00000,0x000000002ec00000)]
  0x0000000020bc7000 JavaThread "Cache worker for Java compile cache (C:\Users\david\Dokumenty\GitHub\PilnujGrosza\.gradle\6.5\javaCompile)" [_thread_blocked, id=24680, stack(0x000000002ec40000,0x000000002ed40000)]
  0x0000000020bc9000 JavaThread "Cache worker for execution history cache (C:\Users\david\Dokumenty\GitHub\PilnujGrosza\.gradle\6.5\executionHistory)" [_thread_blocked, id=22672, stack(0x000000002e600000,0x000000002e700000)]
  0x0000000020bc6000 JavaThread "Execution worker for ':' Thread 11" [_thread_blocked, id=4684, stack(0x000000002e500000,0x000000002e600000)]
  0x000000001be84000 JavaThread "Execution worker for ':' Thread 10" [_thread_blocked, id=25588, stack(0x000000002e400000,0x000000002e500000)]
  0x000000001be83800 JavaThread "Execution worker for ':' Thread 9" [_thread_blocked, id=4320, stack(0x000000002e300000,0x000000002e400000)]
  0x000000001be86800 JavaThread "Execution worker for ':' Thread 8" [_thread_blocked, id=25132, stack(0x000000002e200000,0x000000002e300000)]
  0x000000001be82800 JavaThread "Execution worker for ':' Thread 7" [_thread_blocked, id=10636, stack(0x000000002e100000,0x000000002e200000)]
  0x000000001be82000 JavaThread "Execution worker for ':' Thread 6" [_thread_blocked, id=27616, stack(0x000000002e000000,0x000000002e100000)]
  0x000000001be85800 JavaThread "Execution worker for ':' Thread 5" [_thread_blocked, id=17864, stack(0x000000002df00000,0x000000002e000000)]
  0x000000001be85000 JavaThread "Execution worker for ':' Thread 4" [_thread_blocked, id=10308, stack(0x000000002de00000,0x000000002df00000)]
  0x000000001be81000 JavaThread "Execution worker for ':' Thread 3" [_thread_blocked, id=10820, stack(0x000000002dd00000,0x000000002de00000)]
  0x000000001be79800 JavaThread "Execution worker for ':' Thread 2" [_thread_blocked, id=10080, stack(0x000000002dc00000,0x000000002dd00000)]
  0x000000001be7f800 JavaThread "Execution worker for ':'" [_thread_blocked, id=7220, stack(0x000000002cad0000,0x000000002cbd0000)]
  0x000000001be80800 JavaThread "Cache worker for file content cache (C:\Users\david\Dokumenty\GitHub\PilnujGrosza\.gradle\6.5\fileContent)" [_thread_blocked, id=736, stack(0x000000002c720000,0x000000002c820000)]
  0x000000001be78000 JavaThread "pool-3-thread-1" [_thread_blocked, id=12240, stack(0x000000002b2a0000,0x000000002b3a0000)]
  0x000000001be79000 JavaThread "Cache worker for Build Output Cleanup Cache (C:\Users\david\Dokumenty\GitHub\PilnujGrosza\.gradle\buildOutputCleanup)" [_thread_blocked, id=6784, stack(0x000000002b1a0000,0x000000002b2a0000)]
  0x000000001be7f000 JavaThread "Build operations Thread 12" [_thread_blocked, id=20756, stack(0x00000000251d0000,0x00000000252d0000)]
  0x000000001be7c000 JavaThread "Build operations Thread 11" [_thread_blocked, id=1536, stack(0x00000000250d0000,0x00000000251d0000)]
  0x000000001cd9b000 JavaThread "Build operations Thread 10" [_thread_blocked, id=10760, stack(0x0000000024fd0000,0x00000000250d0000)]
  0x000000001cd97800 JavaThread "Build operations Thread 9" [_thread_blocked, id=23784, stack(0x0000000024ed0000,0x0000000024fd0000)]
  0x000000001cd9c000 JavaThread "Build operations Thread 8" [_thread_blocked, id=23080, stack(0x0000000024dd0000,0x0000000024ed0000)]
  0x000000001cd99000 JavaThread "Build operations Thread 7" [_thread_blocked, id=2976, stack(0x0000000024cd0000,0x0000000024dd0000)]
  0x000000001cd96000 JavaThread "Build operations Thread 6" [_thread_blocked, id=23524, stack(0x0000000024ad0000,0x0000000024bd0000)]
  0x000000001cd98000 JavaThread "Build operations Thread 5" [_thread_blocked, id=23064, stack(0x00000000249d0000,0x0000000024ad0000)]
  0x000000001cd94800 JavaThread "Build operations Thread 4" [_thread_blocked, id=11712, stack(0x00000000248d0000,0x00000000249d0000)]
  0x000000001cd96800 JavaThread "Build operations Thread 3" [_thread_blocked, id=27856, stack(0x00000000247d0000,0x00000000248d0000)]
  0x000000001cd95000 JavaThread "Build operations Thread 2" [_thread_blocked, id=14844, stack(0x00000000246d0000,0x00000000247d0000)]
  0x000000001cd9a800 JavaThread "Build operations" [_thread_blocked, id=24952, stack(0x00000000245d0000,0x00000000246d0000)]
  0x000000001cd8d000 JavaThread "Cache worker for cache directory md-rule (C:\Users\david\.gradle\caches\6.5\md-rule)" [_thread_blocked, id=13432, stack(0x00000000235d0000,0x00000000236d0000)]
  0x000000001cd93800 JavaThread "Cache worker for cache directory md-supplier (C:\Users\david\.gradle\caches\6.5\md-supplier)" [_thread_blocked, id=1820, stack(0x00000000234d0000,0x00000000235d0000)]
  0x000000001cd92000 JavaThread "Cache worker for checksums cache (C:\Users\david\Dokumenty\GitHub\PilnujGrosza\.gradle\checksums)" [_thread_blocked, id=26400, stack(0x0000000022120000,0x0000000022220000)]
  0x000000001cd8e800 JavaThread "Cache worker for file hash cache (C:\Users\david\Dokumenty\GitHub\PilnujGrosza\.gradle\6.5\fileHashes)" [_thread_blocked, id=5100, stack(0x0000000020fa0000,0x00000000210a0000)]
  0x000000001cd90000 JavaThread "Thread-148" [_thread_blocked, id=24548, stack(0x000000001f3d0000,0x000000001f4d0000)]
  0x000000001cd93000 JavaThread "Stdin handler" [_thread_blocked, id=24108, stack(0x000000001f1d0000,0x000000001f2d0000)]
  0x000000001cd91800 JavaThread "Asynchronous log dispatcher for DefaultDaemonConnection: socket connection from /127.0.0.1:51169 to /127.0.0.1:61427" [_thread_blocked, id=24388, stack(0x000000001eed0000,0x000000001efd0000)]
  0x000000001cd8f000 JavaThread "Cancel handler" [_thread_blocked, id=11772, stack(0x0000000001730000,0x0000000001830000)]
  0x000000001cd8d800 JavaThread "Handler for socket connection from /127.0.0.1:51169 to /127.0.0.1:61427" [_thread_in_native, id=26280, stack(0x0000000001630000,0x0000000001730000)]
  0x000000001be7d800 JavaThread "Cache worker for Java compile cache (C:\Users\david\.gradle\caches\6.5\javaCompile)" [_thread_blocked, id=28196, stack(0x000000002fc60000,0x000000002fd60000)]
  0x000000001be77800 JavaThread "Memory manager" [_thread_blocked, id=24580, stack(0x000000002ba10000,0x000000002bb10000)]
  0x000000001be7e000 JavaThread "jar transforms Thread 92" [_thread_blocked, id=27232, stack(0x000000002aea0000,0x000000002afa0000)]
  0x000000001be7a800 JavaThread "jar transforms Thread 91" [_thread_blocked, id=25092, stack(0x000000002ada0000,0x000000002aea0000)]
  0x0000000020adc800 JavaThread "jar transforms Thread 90" [_thread_blocked, id=23412, stack(0x000000002aba0000,0x000000002aca0000)]
  0x0000000020adb800 JavaThread "jar transforms Thread 89" [_thread_blocked, id=20660, stack(0x000000002aaa0000,0x000000002aba0000)]
  0x0000000020ada000 JavaThread "jar transforms Thread 88" [_thread_blocked, id=28388, stack(0x000000002a9a0000,0x000000002aaa0000)]
  0x0000000020ad9800 JavaThread "jar transforms Thread 87" [_thread_blocked, id=11356, stack(0x000000002a8a0000,0x000000002a9a0000)]
  0x0000000020ad8800 JavaThread "jar transforms Thread 86" [_thread_blocked, id=9152, stack(0x000000002a7a0000,0x000000002a8a0000)]
  0x0000000020ad8000 JavaThread "jar transforms Thread 85" [_thread_blocked, id=24776, stack(0x000000002a6a0000,0x000000002a7a0000)]
  0x0000000020adb000 JavaThread "jar transforms Thread 84" [_thread_blocked, id=27612, stack(0x000000002a5a0000,0x000000002a6a0000)]
  0x0000000020ad7000 JavaThread "jar transforms Thread 83" [_thread_blocked, id=14100, stack(0x000000002a4a0000,0x000000002a5a0000)]
  0x0000000020ad6800 JavaThread "jar transforms Thread 82" [_thread_blocked, id=25500, stack(0x000000002a3a0000,0x000000002a4a0000)]
  0x0000000020acf800 JavaThread "jar transforms Thread 81" [_thread_blocked, id=6680, stack(0x000000002a2a0000,0x000000002a3a0000)]
  0x0000000020acf000 JavaThread "jar transforms Thread 80" [_thread_blocked, id=24184, stack(0x000000002a1a0000,0x000000002a2a0000)]
  0x0000000020ad5800 JavaThread "jar transforms Thread 79" [_thread_blocked, id=25220, stack(0x000000002a0a0000,0x000000002a1a0000)]
  0x0000000020ace000 JavaThread "jar transforms Thread 78" [_thread_blocked, id=2132, stack(0x0000000029fa0000,0x000000002a0a0000)]
  0x0000000020ad5000 JavaThread "jar transforms Thread 77" [_thread_blocked, id=18872, stack(0x0000000029ea0000,0x0000000029fa0000)]
  0x0000000020ad2000 JavaThread "jar transforms Thread 76" [_thread_blocked, id=22076, stack(0x0000000029da0000,0x0000000029ea0000)]
  0x0000000020ad1000 JavaThread "jar transforms Thread 75" [_thread_blocked, id=27128, stack(0x0000000029ca0000,0x0000000029da0000)]
  0x0000000020ad3800 JavaThread "jar transforms Thread 74" [_thread_blocked, id=14852, stack(0x0000000029ba0000,0x0000000029ca0000)]
  0x0000000020ad0800 JavaThread "jar transforms Thread 73" [_thread_blocked, id=14564, stack(0x0000000029aa0000,0x0000000029ba0000)]
  0x0000000020ad2800 JavaThread "jar transforms Thread 72" [_thread_blocked, id=17800, stack(0x00000000299a0000,0x0000000029aa0000)]
  0x0000000020acd800 JavaThread "jar transforms Thread 71" [_thread_blocked, id=26776, stack(0x00000000298a0000,0x00000000299a0000)]
  0x0000000020ad4000 JavaThread "jar transforms Thread 70" [_thread_blocked, id=6348, stack(0x00000000297a0000,0x00000000298a0000)]
  0x000000001becd800 JavaThread "jar transforms Thread 69" [_thread_blocked, id=21656, stack(0x00000000296a0000,0x00000000297a0000)]
  0x000000001becd000 JavaThread "jar transforms Thread 68" [_thread_blocked, id=21332, stack(0x00000000295a0000,0x00000000296a0000)]
  0x000000001becc000 JavaThread "jar transforms Thread 67" [_thread_blocked, id=28616, stack(0x00000000294a0000,0x00000000295a0000)]
  0x000000001becb800 JavaThread "jar transforms Thread 66" [_thread_blocked, id=12948, stack(0x00000000293a0000,0x00000000294a0000)]
  0x000000001beca800 JavaThread "jar transforms Thread 65" [_thread_blocked, id=876, stack(0x00000000292a0000,0x00000000293a0000)]
  0x000000001bec9000 JavaThread "jar transforms Thread 64" [_thread_blocked, id=17744, stack(0x00000000291a0000,0x00000000292a0000)]
  0x000000001beca000 JavaThread "jar transforms Thread 63" [_thread_blocked, id=15668, stack(0x00000000290a0000,0x00000000291a0000)]
  0x000000001bece800 JavaThread "jar transforms Thread 62" [_thread_blocked, id=18648, stack(0x0000000028fa0000,0x00000000290a0000)]
  0x000000001bec1800 JavaThread "jar transforms Thread 61" [_thread_blocked, id=25596, stack(0x0000000028ea0000,0x0000000028fa0000)]
  0x000000001bec8800 JavaThread "jar transforms Thread 60" [_thread_blocked, id=22276, stack(0x0000000028da0000,0x0000000028ea0000)]
  0x000000001bec7000 JavaThread "jar transforms Thread 59" [_thread_blocked, id=8680, stack(0x0000000028ca0000,0x0000000028da0000)]
  0x000000001bec6000 JavaThread "jar transforms Thread 58" [_thread_blocked, id=12100, stack(0x0000000028ba0000,0x0000000028ca0000)]
  0x000000001bec5800 JavaThread "jar transforms Thread 57" [_thread_blocked, id=28004, stack(0x0000000028aa0000,0x0000000028ba0000)]
  0x000000001bec7800 JavaThread "jar transforms Thread 56" [_thread_blocked, id=26668, stack(0x00000000289a0000,0x0000000028aa0000)]
  0x000000001bec0000 JavaThread "jar transforms Thread 55" [_thread_blocked, id=17088, stack(0x00000000288a0000,0x00000000289a0000)]
  0x000000001bec4000 JavaThread "jar transforms Thread 54" [_thread_blocked, id=18108, stack(0x00000000287a0000,0x00000000288a0000)]
  0x000000001bec4800 JavaThread "jar transforms Thread 53" [_thread_blocked, id=27768, stack(0x00000000286a0000,0x00000000287a0000)]
  0x000000001bec2800 JavaThread "jar transforms Thread 52" [_thread_blocked, id=14284, stack(0x00000000285a0000,0x00000000286a0000)]
  0x000000001bebf800 JavaThread "jar transforms Thread 51" [_thread_blocked, id=27704, stack(0x00000000284a0000,0x00000000285a0000)]
  0x000000001bec3000 JavaThread "jar transforms Thread 50" [_thread_blocked, id=26324, stack(0x00000000283a0000,0x00000000284a0000)]
  0x000000001bec1000 JavaThread "jar transforms Thread 49" [_thread_blocked, id=21684, stack(0x00000000282a0000,0x00000000283a0000)]
  0x000000001bd89000 JavaThread "jar transforms Thread 48" [_thread_blocked, id=1940, stack(0x00000000281a0000,0x00000000282a0000)]
  0x000000001bd88800 JavaThread "jar transforms Thread 47" [_thread_blocked, id=19540, stack(0x00000000280a0000,0x00000000281a0000)]
  0x000000001bd87800 JavaThread "jar transforms Thread 46" [_thread_blocked, id=19112, stack(0x0000000027fa0000,0x00000000280a0000)]
  0x000000001bd87000 JavaThread "jar transforms Thread 45" [_thread_blocked, id=27044, stack(0x0000000027ea0000,0x0000000027fa0000)]
  0x000000001bd85800 JavaThread "jar transforms Thread 44" [_thread_blocked, id=17972, stack(0x0000000027da0000,0x0000000027ea0000)]
  0x000000001bd86000 JavaThread "jar transforms Thread 43" [_thread_blocked, id=6948, stack(0x0000000027ca0000,0x0000000027da0000)]
  0x000000001bd7e000 JavaThread "jar transforms Thread 42" [_thread_blocked, id=27672, stack(0x0000000027ba0000,0x0000000027ca0000)]
  0x000000001bd84800 JavaThread "jar transforms Thread 41" [_thread_blocked, id=11496, stack(0x0000000027aa0000,0x0000000027ba0000)]
  0x000000001bd7d000 JavaThread "jar transforms Thread 40" [_thread_blocked, id=13992, stack(0x00000000279a0000,0x0000000027aa0000)]
  0x000000001bd81800 JavaThread "jar transforms Thread 39" [_thread_blocked, id=13772, stack(0x00000000278a0000,0x00000000279a0000)]
  0x000000001bd80000 JavaThread "jar transforms Thread 38" [_thread_blocked, id=26140, stack(0x00000000277a0000,0x00000000278a0000)]
  0x000000001bd81000 JavaThread "jar transforms Thread 37" [_thread_blocked, id=1056, stack(0x00000000276a0000,0x00000000277a0000)]
  0x000000001bd84000 JavaThread "jar transforms Thread 36" [_thread_blocked, id=27816, stack(0x00000000275a0000,0x00000000276a0000)]
  0x000000001bd83000 JavaThread "jar transforms Thread 35" [_thread_blocked, id=3272, stack(0x00000000274a0000,0x00000000275a0000)]
  0x000000001bd7f800 JavaThread "jar transforms Thread 34" [_thread_blocked, id=22260, stack(0x00000000273a0000,0x00000000274a0000)]
  0x000000001bd7c800 JavaThread "jar transforms Thread 33" [_thread_blocked, id=27960, stack(0x00000000272a0000,0x00000000273a0000)]
  0x000000001bd7b800 JavaThread "jar transforms Thread 32" [_thread_blocked, id=8568, stack(0x00000000271a0000,0x00000000272a0000)]
  0x000000001bd82800 JavaThread "jar transforms Thread 31" [_thread_blocked, id=26568, stack(0x00000000270a0000,0x00000000271a0000)]
  0x000000001bd7b000 JavaThread "jar transforms Thread 30" [_thread_blocked, id=2908, stack(0x0000000026fa0000,0x00000000270a0000)]
  0x000000001bd7a000 JavaThread "jar transforms Thread 29" [_thread_blocked, id=15344, stack(0x0000000026ea0000,0x0000000026fa0000)]
  0x000000001bd7e800 JavaThread "jar transforms Thread 28" [_thread_blocked, id=13332, stack(0x0000000026da0000,0x0000000026ea0000)]
  0x000000001c76c000 JavaThread "jar transforms Thread 27" [_thread_blocked, id=26348, stack(0x0000000026ca0000,0x0000000026da0000)]
  0x000000001c76b000 JavaThread "jar transforms Thread 26" [_thread_blocked, id=656, stack(0x0000000026ba0000,0x0000000026ca0000)]
  0x000000001c769000 JavaThread "jar transforms Thread 25" [_thread_blocked, id=28440, stack(0x0000000026aa0000,0x0000000026ba0000)]
  0x000000001c768000 JavaThread "jar transforms Thread 24" [_thread_blocked, id=26992, stack(0x00000000269a0000,0x0000000026aa0000)]
  0x000000001c767800 JavaThread "jar transforms Thread 23" [_thread_blocked, id=11948, stack(0x00000000268a0000,0x00000000269a0000)]
  0x000000001c766800 JavaThread "jar transforms Thread 22" [_thread_blocked, id=21548, stack(0x00000000267a0000,0x00000000268a0000)]
  0x000000001c76a800 JavaThread "jar transforms Thread 21" [_thread_blocked, id=18860, stack(0x00000000266a0000,0x00000000267a0000)]
  0x000000001c766000 JavaThread "jar transforms Thread 20" [_thread_blocked, id=19188, stack(0x00000000265a0000,0x00000000266a0000)]
  0x000000001c769800 JavaThread "jar transforms Thread 19" [_thread_blocked, id=3328, stack(0x00000000264a0000,0x00000000265a0000)]
  0x000000001c75e000 JavaThread "jar transforms Thread 18" [_thread_blocked, id=24512, stack(0x00000000263a0000,0x00000000264a0000)]
  0x000000001c761000 JavaThread "jar transforms Thread 17" [_thread_blocked, id=15232, stack(0x00000000262a0000,0x00000000263a0000)]
  0x000000001c765000 JavaThread "jar transforms Thread 16" [_thread_blocked, id=25376, stack(0x00000000261a0000,0x00000000262a0000)]
  0x000000001c75d800 JavaThread "jar transforms Thread 15" [_thread_blocked, id=22596, stack(0x00000000260a0000,0x00000000261a0000)]
  0x000000001c762000 JavaThread "jar transforms Thread 14" [_thread_blocked, id=13436, stack(0x0000000025fa0000,0x00000000260a0000)]
  0x000000001c75f800 JavaThread "jar transforms Thread 13" [_thread_blocked, id=23676, stack(0x0000000025ea0000,0x0000000025fa0000)]
  0x000000001c764800 JavaThread "jar transforms Thread 12" [_thread_blocked, id=19932, stack(0x0000000025da0000,0x0000000025ea0000)]
  0x000000001c763800 JavaThread "jar transforms Thread 11" [_thread_blocked, id=21856, stack(0x0000000025ca0000,0x0000000025da0000)]
  0x000000001c75c800 JavaThread "jar transforms Thread 10" [_thread_blocked, id=25484, stack(0x0000000025a20000,0x0000000025b20000)]
  0x000000001c760800 JavaThread "jar transforms Thread 9" [_thread_blocked, id=11144, stack(0x00000000254d0000,0x00000000255d0000)]
  0x000000001c762800 JavaThread "jar transforms Thread 8" [_thread_blocked, id=27216, stack(0x00000000253d0000,0x00000000254d0000)]
  0x000000001c75f000 JavaThread "jar transforms Thread 7" [_thread_blocked, id=444, stack(0x0000000025ba0000,0x0000000025ca0000)]
  0x0000000020bd2800 JavaThread "jar transforms Thread 6" [_thread_blocked, id=3320, stack(0x00000000255e0000,0x00000000256e0000)]
  0x0000000020bd1000 JavaThread "jar transforms Thread 5" [_thread_blocked, id=27992, stack(0x0000000025920000,0x0000000025a20000)]
  0x0000000020bd0000 JavaThread "jar transforms Thread 4" [_thread_blocked, id=4076, stack(0x0000000025820000,0x0000000025920000)]
  0x0000000020bcf800 JavaThread "jar transforms Thread 3" [_thread_blocked, id=26652, stack(0x0000000025720000,0x0000000025820000)]
  0x0000000020bd1800 JavaThread "jar transforms Thread 2" [_thread_blocked, id=27372, stack(0x00000000252d0000,0x00000000253d0000)]
  0x000000001d7f6800 JavaThread "Cache worker for file content cache (C:\Users\david\.gradle\caches\6.5\fileContent)" [_thread_blocked, id=13880, stack(0x0000000023ed0000,0x0000000023fd0000)]
  0x000000001d7f6000 JavaThread "jar transforms" [_thread_blocked, id=12788, stack(0x0000000023dd0000,0x0000000023ed0000)]
  0x000000001d7f5000 JavaThread "Cache worker for execution history cache (C:\Users\david\.gradle\caches\6.5\executionHistory)" [_thread_blocked, id=13416, stack(0x00000000236d0000,0x00000000237d0000)]
  0x000000001d7f9800 JavaThread "Cache worker for file hash cache (C:\Users\david\.gradle\caches\6.5\fileHashes)" [_thread_blocked, id=8024, stack(0x000000001fad0000,0x000000001fbd0000)]
  0x000000001d7f4000 JavaThread "File lock request listener" [_thread_in_native, id=11824, stack(0x000000001f9d0000,0x000000001fad0000)]
  0x0000000019f52800 JavaThread "Cache worker for journal cache (C:\Users\david\.gradle\caches\journal-1)" [_thread_blocked, id=24600, stack(0x000000001f8d0000,0x000000001f9d0000)]
  0x000000001d72a800 JavaThread "Daemon worker" [_thread_blocked, id=19888, stack(0x000000001f2d0000,0x000000001f3d0000)]
  0x000000001d6d1800 JavaThread "Daemon" [_thread_blocked, id=4092, stack(0x000000001edd0000,0x000000001eed0000)]
  0x000000001d6c2800 JavaThread "Daemon periodic checks" [_thread_blocked, id=26868, stack(0x000000001ecd0000,0x000000001edd0000)]
  0x000000001d6a7000 JavaThread "Incoming local TCP Connector on port 51169" [_thread_in_native, id=27808, stack(0x000000001ea70000,0x000000001eb70000)]
  0x000000001d36f800 JavaThread "Daemon health stats" [_thread_blocked, id=12388, stack(0x000000001e430000,0x000000001e530000)]
  0x0000000019ebf000 JavaThread "Service Thread" daemon [_thread_blocked, id=22072, stack(0x000000001b890000,0x000000001b990000)]
  0x0000000019e3b800 JavaThread "C1 CompilerThread3" daemon [_thread_in_native, id=384, stack(0x000000001b790000,0x000000001b890000)]
=>0x0000000019e31000 JavaThread "C2 CompilerThread2" daemon [_thread_in_native, id=5368, stack(0x000000001b690000,0x000000001b790000)]
  0x0000000019e2c000 JavaThread "C2 CompilerThread1" daemon [_thread_in_native, id=28188, stack(0x000000001b590000,0x000000001b690000)]
  0x0000000019e26000 JavaThread "C2 CompilerThread0" daemon [_thread_in_native, id=19576, stack(0x000000001b490000,0x000000001b590000)]
  0x0000000019e21800 JavaThread "Attach Listener" daemon [_thread_blocked, id=1816, stack(0x000000001b390000,0x000000001b490000)]
  0x000000001873e800 JavaThread "Signal Dispatcher" daemon [_thread_blocked, id=11188, stack(0x000000001b290000,0x000000001b390000)]
  0x0000000018732000 JavaThread "Finalizer" daemon [_thread_blocked, id=21732, stack(0x000000001b080000,0x000000001b180000)]
  0x0000000019e13000 JavaThread "Reference Handler" daemon [_thread_blocked, id=8528, stack(0x000000001af80000,0x000000001b080000)]
  0x00000000033be000 JavaThread "main" [_thread_blocked, id=25364, stack(0x0000000003280000,0x0000000003380000)]

Other Threads:
  0x0000000018725800 VMThread [stack: 0x000000001ae80000,0x000000001af80000] [id=16648]
  0x0000000019ec0800 WatcherThread [stack: 0x000000001b990000,0x000000001ba90000] [id=19676]

VM state:not at safepoint (normal execution)

VM Mutex/Monitor currently owned by a thread: None

heap address: 0x0000000080000000, size: 2048 MB, Compressed Oops mode: 32-bit
Narrow klass base: 0x0000000000000000, Narrow klass shift: 3
Compressed class space size: 1073741824 Address: 0x0000000100000000

Heap:
 PSYoungGen      total 436224K, used 29611K [0x00000000d5580000, 0x00000000f2300000, 0x0000000100000000)
  eden space 400384K, 7% used [0x00000000d5580000,0x00000000d726ac08,0x00000000edc80000)
  from space 35840K, 0% used [0x00000000edc80000,0x00000000edc80000,0x00000000eff80000)
  to   space 32768K, 0% used [0x00000000eff80000,0x00000000eff80000,0x00000000f1f80000)
 ParOldGen       total 228864K, used 74871K [0x0000000080000000, 0x000000008df80000, 0x00000000d5580000)
  object space 228864K, 32% used [0x0000000080000000,0x000000008491dd80,0x000000008df80000)
 Metaspace       used 91304K, capacity 95657K, committed 98984K, reserved 1134592K
  class space    used 11915K, capacity 12709K, committed 13616K, reserved 1048576K

Card table byte_map: [0x0000000012880000,0x0000000012c90000] byte_map_base: 0x0000000012480000

Marking Bits: (ParMarkBitMap*) 0x000000006e38f030
 Begin Bits: [0x0000000013940000, 0x0000000015940000)
 End Bits:   [0x0000000015940000, 0x0000000017940000)

Polling page: 0x0000000001980000

CodeCache: size=245760Kb used=43877Kb max_used=43890Kb free=201882Kb
 bounds [0x00000000034c0000, 0x0000000005fe0000, 0x00000000124c0000]
 total_blobs=14486 nmethods=13623 adapters=775
 compilation: enabled

Compilation events (10 events):
Event: 36.822 Thread 0x0000000019e26000 nmethod 16210 0x00000000054d8450 code [0x00000000054d8580, 0x00000000054d8618]
Event: 36.823 Thread 0x0000000019e2c000 nmethod 16207 0x0000000005fc79d0 code [0x0000000005fc7b80, 0x0000000005fc80c8]
Event: 36.823 Thread 0x0000000019e3b800 16211       3       com.android.tools.r8.ir.regalloc.b::a (46 bytes)
Event: 36.823 Thread 0x0000000019e3b800 nmethod 16211 0x0000000005fc6cd0 code [0x0000000005fc6ea0, 0x0000000005fc7578]
Event: 36.827 Thread 0x0000000019e26000 16212       4       com.android.tools.r8.s.b.q1::L (23 bytes)
Event: 36.827 Thread 0x0000000019e3b800 16213       3       java.util.TreeMap::buildFromSorted (218 bytes)
Event: 36.827 Thread 0x0000000019e2c000 16214       4       com.android.tools.r8.s.b.s1::b (23 bytes)
Event: 36.827 Thread 0x0000000019e2c000 nmethod 16214 0x00000000055a5490 code [0x00000000055a55c0, 0x00000000055a5658]
Event: 36.827 Thread 0x0000000019e26000 nmethod 16212 0x00000000054f4990 code [0x00000000054f4ac0, 0x00000000054f4b58]
Event: 36.827 Thread 0x0000000019e3b800 nmethod 16213 0x0000000005fc8b90 code [0x0000000005fc8dc0, 0x0000000005fc9af8]

GC Heap History (10 events):
Event: 21.693 GC heap before
{Heap before GC invocations=15 (full 3):
 PSYoungGen      total 267264K, used 267246K [0x00000000d5580000, 0x00000000ec900000, 0x0000000100000000)
  eden space 248320K, 100% used [0x00000000d5580000,0x00000000e4800000,0x00000000e4800000)
  from space 18944K, 99% used [0x00000000e4800000,0x00000000e5a7bb00,0x00000000e5a80000)
  to   space 25088K, 0% used [0x00000000eb080000,0x00000000eb080000,0x00000000ec900000)
 ParOldGen       total 162816K, used 40122K [0x0000000080000000, 0x0000000089f00000, 0x00000000d5580000)
  object space 162816K, 24% used [0x0000000080000000,0x000000008272e890,0x0000000089f00000)
 Metaspace       used 70248K, capacity 73528K, committed 73624K, reserved 1112064K
  class space    used 9549K, capacity 10147K, committed 10160K, reserved 1048576K
Event: 21.707 GC heap after
Heap after GC invocations=15 (full 3):
 PSYoungGen      total 336896K, used 14840K [0x00000000d5580000, 0x00000000ebf80000, 0x0000000100000000)
  eden space 321536K, 0% used [0x00000000d5580000,0x00000000d5580000,0x00000000e8f80000)
  from space 15360K, 96% used [0x00000000eb080000,0x00000000ebefe0e8,0x00000000ebf80000)
  to   space 24576K, 0% used [0x00000000e8f80000,0x00000000e8f80000,0x00000000ea780000)
 ParOldGen       total 162816K, used 56100K [0x0000000080000000, 0x0000000089f00000, 0x00000000d5580000)
  object space 162816K, 34% used [0x0000000080000000,0x00000000836c9300,0x0000000089f00000)
 Metaspace       used 70248K, capacity 73528K, committed 73624K, reserved 1112064K
  class space    used 9549K, capacity 10147K, committed 10160K, reserved 1048576K
}
Event: 34.375 GC heap before
{Heap before GC invocations=16 (full 3):
 PSYoungGen      total 336896K, used 336376K [0x00000000d5580000, 0x00000000ebf80000, 0x0000000100000000)
  eden space 321536K, 100% used [0x00000000d5580000,0x00000000e8f80000,0x00000000e8f80000)
  from space 15360K, 96% used [0x00000000eb080000,0x00000000ebefe0e8,0x00000000ebf80000)
  to   space 24576K, 0% used [0x00000000e8f80000,0x00000000e8f80000,0x00000000ea780000)
 ParOldGen       total 162816K, used 56100K [0x0000000080000000, 0x0000000089f00000, 0x00000000d5580000)
  object space 162816K, 34% used [0x0000000080000000,0x00000000836c9300,0x0000000089f00000)
 Metaspace       used 80813K, capacity 84422K, committed 84760K, reserved 1122304K
  class space    used 10577K, capacity 11237K, committed 11312K, reserved 1048576K
Event: 34.390 GC heap after
Heap after GC invocations=16 (full 3):
 PSYoungGen      total 346112K, used 24568K [0x00000000d5580000, 0x00000000f1f80000, 0x0000000100000000)
  eden space 321536K, 0% used [0x00000000d5580000,0x00000000d5580000,0x00000000e8f80000)
  from space 24576K, 99% used [0x00000000e8f80000,0x00000000ea77e080,0x00000000ea780000)
  to   space 32768K, 0% used [0x00000000eff80000,0x00000000eff80000,0x00000000f1f80000)
 ParOldGen       total 162816K, used 69235K [0x0000000080000000, 0x0000000089f00000, 0x00000000d5580000)
  object space 162816K, 42% used [0x0000000080000000,0x000000008439cc58,0x0000000089f00000)
 Metaspace       used 80813K, capacity 84422K, committed 84760K, reserved 1122304K
  class space    used 10577K, capacity 11237K, committed 11312K, reserved 1048576K
}
Event: 36.340 GC heap before
{Heap before GC invocations=17 (full 3):
 PSYoungGen      total 346112K, used 346104K [0x00000000d5580000, 0x00000000f1f80000, 0x0000000100000000)
  eden space 321536K, 100% used [0x00000000d5580000,0x00000000e8f80000,0x00000000e8f80000)
  from space 24576K, 99% used [0x00000000e8f80000,0x00000000ea77e080,0x00000000ea780000)
  to   space 32768K, 0% used [0x00000000eff80000,0x00000000eff80000,0x00000000f1f80000)
 ParOldGen       total 162816K, used 69235K [0x0000000080000000, 0x0000000089f00000, 0x00000000d5580000)
  object space 162816K, 42% used [0x0000000080000000,0x000000008439cc58,0x0000000089f00000)
 Metaspace       used 92141K, capacity 98276K, committed 98456K, reserved 1134592K
  class space    used 12319K, capacity 13456K, committed 13488K, reserved 1048576K
Event: 36.364 GC heap after
Heap after GC invocations=17 (full 3):
 PSYoungGen      total 433152K, used 28073K [0x00000000d5580000, 0x00000000f2300000, 0x0000000100000000)
  eden space 400384K, 0% used [0x00000000d5580000,0x00000000d5580000,0x00000000edc80000)
  from space 32768K, 85% used [0x00000000eff80000,0x00000000f1aea5c8,0x00000000f1f80000)
  to   space 35840K, 0% used [0x00000000edc80000,0x00000000edc80000,0x00000000eff80000)
 ParOldGen       total 162816K, used 91454K [0x0000000080000000, 0x0000000089f00000, 0x00000000d5580000)
  object space 162816K, 56% used [0x0000000080000000,0x000000008594f950,0x0000000089f00000)
 Metaspace       used 92141K, capacity 98276K, committed 98456K, reserved 1134592K
  class space    used 12319K, capacity 13456K, committed 13488K, reserved 1048576K
}
Event: 36.388 GC heap before
{Heap before GC invocations=18 (full 3):
 PSYoungGen      total 433152K, used 35589K [0x00000000d5580000, 0x00000000f2300000, 0x0000000100000000)
  eden space 400384K, 1% used [0x00000000d5580000,0x00000000d5cd7228,0x00000000edc80000)
  from space 32768K, 85% used [0x00000000eff80000,0x00000000f1aea5c8,0x00000000f1f80000)
  to   space 35840K, 0% used [0x00000000edc80000,0x00000000edc80000,0x00000000eff80000)
 ParOldGen       total 162816K, used 91454K [0x0000000080000000, 0x0000000089f00000, 0x00000000d5580000)
  object space 162816K, 56% used [0x0000000080000000,0x000000008594f950,0x0000000089f00000)
 Metaspace       used 92307K, capacity 98561K, committed 98600K, reserved 1134592K
  class space    used 12349K, capacity 13488K, committed 13488K, reserved 1048576K
Event: 36.455 GC heap after
Heap after GC invocations=18 (full 3):
 PSYoungGen      total 436224K, used 23932K [0x00000000d5580000, 0x00000000f2300000, 0x0000000100000000)
  eden space 400384K, 0% used [0x00000000d5580000,0x00000000d5580000,0x00000000edc80000)
  from space 35840K, 66% used [0x00000000edc80000,0x00000000ef3df130,0x00000000eff80000)
  to   space 32768K, 0% used [0x00000000eff80000,0x00000000eff80000,0x00000000f1f80000)
 ParOldGen       total 162816K, used 91462K [0x0000000080000000, 0x0000000089f00000, 0x00000000d5580000)
  object space 162816K, 56% used [0x0000000080000000,0x0000000085951950,0x0000000089f00000)
 Metaspace       used 92307K, capacity 98561K, committed 98600K, reserved 1134592K
  class space    used 12349K, capacity 13488K, committed 13488K, reserved 1048576K
}
Event: 36.456 GC heap before
{Heap before GC invocations=19 (full 4):
 PSYoungGen      total 436224K, used 23932K [0x00000000d5580000, 0x00000000f2300000, 0x0000000100000000)
  eden space 400384K, 0% used [0x00000000d5580000,0x00000000d5580000,0x00000000edc80000)
  from space 35840K, 66% used [0x00000000edc80000,0x00000000ef3df130,0x00000000eff80000)
  to   space 32768K, 0% used [0x00000000eff80000,0x00000000eff80000,0x00000000f1f80000)
 ParOldGen       total 162816K, used 91462K [0x0000000080000000, 0x0000000089f00000, 0x00000000d5580000)
  object space 162816K, 56% used [0x0000000080000000,0x0000000085951950,0x0000000089f00000)
 Metaspace       used 92307K, capacity 98561K, committed 98600K, reserved 1134592K
  class space    used 12349K, capacity 13488K, committed 13488K, reserved 1048576K
Event: 36.643 GC heap after
Heap after GC invocations=19 (full 4):
 PSYoungGen      total 436224K, used 0K [0x00000000d5580000, 0x00000000f2300000, 0x0000000100000000)
  eden space 400384K, 0% used [0x00000000d5580000,0x00000000d5580000,0x00000000edc80000)
  from space 35840K, 0% used [0x00000000edc80000,0x00000000edc80000,0x00000000eff80000)
  to   space 32768K, 0% used [0x00000000eff80000,0x00000000eff80000,0x00000000f1f80000)
 ParOldGen       total 228864K, used 74871K [0x0000000080000000, 0x000000008df80000, 0x00000000d5580000)
  object space 228864K, 32% used [0x0000000080000000,0x000000008491dd80,0x000000008df80000)
 Metaspace       used 90910K, capacity 95021K, committed 98600K, reserved 1134592K
  class space    used 11857K, capacity 12618K, committed 13488K, reserved 1048576K
}

Deoptimization events (10 events):
Event: 36.652 Thread 0x0000000020bcd000 Uncommon trap: reason=unstable_if action=reinterpret pc=0x0000000005f4090c method=com.android.tools.r8.ir.conversion.o.a(ILcom/android/tools/r8/graph/Z;)Lcom/android/tools/r8/ir/conversion/n; @ 22
Event: 36.693 Thread 0x0000000020bcd000 Uncommon trap: reason=unstable_if action=reinterpret pc=0x0000000005185d1c method=com.android.tools.r8.s.b.o.b(ILcom/android/tools/r8/s/b/o$c;)Lcom/android/tools/r8/s/b/q1; @ 4
Event: 36.693 Thread 0x0000000020bcd000 Uncommon trap: reason=unstable_if action=reinterpret pc=0x0000000005f51744 method=com.android.tools.r8.s.b.o.a(ILcom/android/tools/r8/s/b/o$c;)Z @ 4
Event: 36.693 Thread 0x0000000020bcd000 Uncommon trap: reason=unstable_if action=reinterpret pc=0x00000000055621a4 method=com.android.tools.r8.s.b.o.a(ILcom/android/tools/r8/s/b/o$c;)Z @ 4
Event: 36.734 Thread 0x00000000218df800 Uncommon trap: reason=predicate action=maybe_recompile pc=0x0000000005f5ac9c method=java.util.TimSort.reverseRange([Ljava/lang/Object;II)V @ 8
Event: 36.734 Thread 0x00000000218df800 Uncommon trap: reason=predicate action=maybe_recompile pc=0x00000000057445c0 method=java.util.TimSort.reverseRange([Ljava/lang/Object;II)V @ 8
Event: 36.746 Thread 0x00000000218df800 Uncommon trap: reason=array_check action=maybe_recompile pc=0x0000000005f3a700 method=java.util.TimSort.binarySort([Ljava/lang/Object;IIILjava/util/Comparator;)V @ 215
Event: 36.746 Thread 0x00000000218df800 Uncommon trap: reason=array_check action=maybe_recompile pc=0x0000000005f3a700 method=java.util.TimSort.binarySort([Ljava/lang/Object;IIILjava/util/Comparator;)V @ 215
Event: 36.748 Thread 0x0000000020bcd000 Uncommon trap: reason=unstable_if action=reinterpret pc=0x0000000005e9a8e8 method=com.android.tools.r8.q.a.a.b.u0.b(I[Ljava/lang/Object;)Lcom/android/tools/r8/q/a/a/b/u0; @ 113
Event: 36.763 Thread 0x0000000020bcd000 Uncommon trap: reason=unstable_if action=reinterpret pc=0x000000000424a0a4 method=java.util.TreeMap.put(Ljava/lang/Object;Ljava/lang/Object;)Ljava/lang/Object; @ 163

Classes redefined (0 events):
No events

Internal exceptions (10 events):
Event: 35.989 Thread 0x00000000218de800 Exception <a 'java/lang/IncompatibleClassChangeError': Found class java.lang.Object, but interface was expected> (0x00000000e4486980) thrown at [C:\src\AOSP-openjdk-git\hotspot\src\share\vm\interpreter\linkResolver.cpp, line 653]
Event: 36.128 Thread 0x0000000020bcd000 Exception <a 'java/lang/NoSuchMethodError': java.lang.Object.b(Lcom/android/tools/r8/graph/p1$b;)Lcom/android/tools/r8/graph/p1$b;> (0x00000000e55deea8) thrown at [C:\src\AOSP-openjdk-git\hotspot\src\share\vm\interpreter\linkResolver.cpp, line 620]
Event: 36.146 Thread 0x00000000218e0000 Exception <a 'java/lang/NoSuchMethodError': java.lang.Object.lambda$maxBy$1(Ljava/util/Comparator;Ljava/lang/Object;Ljava/lang/Object;)Ljava/lang/Object;> (0x00000000e5852380) thrown at [C:\src\AOSP-openjdk-git\hotspot\src\share\vm\interpreter\linkResolve
Event: 36.146 Thread 0x0000000020bcd000 Exception <a 'java/lang/NoSuchMethodError': java.lang.Object.lambda$maxBy$1(Ljava/util/Comparator;Ljava/lang/Object;Ljava/lang/Object;)Ljava/lang/Object;> (0x00000000e5827fb0) thrown at [C:\src\AOSP-openjdk-git\hotspot\src\share\vm\interpreter\linkResolve
Event: 36.146 Thread 0x00000000218df800 Exception <a 'java/lang/NoSuchMethodError': java.lang.Object.lambda$maxBy$1(Ljava/util/Comparator;Ljava/lang/Object;Ljava/lang/Object;)Ljava/lang/Object;> (0x00000000e58a2350) thrown at [C:\src\AOSP-openjdk-git\hotspot\src\share\vm\interpreter\linkResolve
Event: 36.146 Thread 0x00000000218e1800 Exception <a 'java/lang/NoSuchMethodError': java.lang.Object.lambda$maxBy$1(Ljava/util/Comparator;Ljava/lang/Object;Ljava/lang/Object;)Ljava/lang/Object;> (0x00000000e58a6348) thrown at [C:\src\AOSP-openjdk-git\hotspot\src\share\vm\interpreter\linkResolve
Event: 36.146 Thread 0x00000000218de800 Exception <a 'java/lang/NoSuchMethodError': java.lang.Object.lambda$maxBy$1(Ljava/util/Comparator;Ljava/lang/Object;Ljava/lang/Object;)Ljava/lang/Object;> (0x00000000e5881ed0) thrown at [C:\src\AOSP-openjdk-git\hotspot\src\share\vm\interpreter\linkResolve
Event: 36.146 Thread 0x00000000218db800 Exception <a 'java/lang/NoSuchMethodError': java.lang.Object.lambda$maxBy$1(Ljava/util/Comparator;Ljava/lang/Object;Ljava/lang/Object;)Ljava/lang/Object;> (0x00000000e5868050) thrown at [C:\src\AOSP-openjdk-git\hotspot\src\share\vm\interpreter\linkResolve
Event: 36.146 Thread 0x00000000218de000 Exception <a 'java/lang/NoSuchMethodError': java.lang.Object.lambda$maxBy$1(Ljava/util/Comparator;Ljava/lang/Object;Ljava/lang/Object;)Ljava/lang/Object;> (0x00000000e583c778) thrown at [C:\src\AOSP-openjdk-git\hotspot\src\share\vm\interpreter\linkResolve
Event: 36.644 Thread 0x00000000218db800 Implicit null exception at 0x0000000004378d7b to 0x0000000004379a09

Events (10 events):
Event: 36.795 loading class com/android/tools/r8/q/a/a/b/Z1
Event: 36.795 loading class com/android/tools/r8/q/a/a/b/Z1 done
Event: 36.795 loading class com/android/tools/r8/q/a/a/b/m2
Event: 36.795 loading class com/android/tools/r8/q/a/a/b/m2 done
Event: 36.796 loading class com/android/tools/r8/q/a/a/b/l2$a
Event: 36.796 loading class com/android/tools/r8/q/a/a/b/l2$a done
Event: 36.796 loading class com/android/tools/r8/q/a/a/b/v0
Event: 36.796 loading class com/android/tools/r8/q/a/a/b/v0 done
Event: 36.818 Thread 0x0000000020bcd000 DEOPT PACKING pc=0x0000000005e8dbbc sp=0x000000002f54c5d0
Event: 36.818 Thread 0x0000000020bcd000 DEOPT UNPACKING pc=0x00000000035075d0 sp=0x000000002f54c338 mode 0


Dynamic libraries:
0x00007ff65c160000 - 0x00007ff65c191000 	C:\Program Files\Android\Android Studio\jre\bin\java.exe
0x00007ff935730000 - 0x00007ff935925000 	C:\Windows\SYSTEM32\ntdll.dll
0x00007ff934240000 - 0x00007ff9342fd000 	C:\Windows\System32\KERNEL32.DLL
0x00007ff932f30000 - 0x00007ff9331f8000 	C:\Windows\System32\KERNELBASE.dll
0x00007ff935140000 - 0x00007ff9351ec000 	C:\Windows\System32\ADVAPI32.dll
0x00007ff934ff0000 - 0x00007ff93508e000 	C:\Windows\System32\msvcrt.dll
0x00007ff934f30000 - 0x00007ff934fcb000 	C:\Windows\System32\sechost.dll
0x00007ff934610000 - 0x00007ff93473b000 	C:\Windows\System32\RPCRT4.dll
0x00007ff9338d0000 - 0x00007ff933a70000 	C:\Windows\System32\USER32.dll
0x00007ff932f00000 - 0x00007ff932f22000 	C:\Windows\System32\win32u.dll
0x00007ff934500000 - 0x00007ff93452a000 	C:\Windows\System32\GDI32.dll
0x00007ff933450000 - 0x00007ff93355b000 	C:\Windows\System32\gdi32full.dll
0x00007ff933250000 - 0x00007ff9332ed000 	C:\Windows\System32\msvcp_win.dll
0x00007ff933560000 - 0x00007ff933660000 	C:\Windows\System32\ucrtbase.dll
0x00007ff90cd60000 - 0x00007ff90cffa000 	C:\Windows\WinSxS\amd64_microsoft.windows.common-controls_6595b64144ccf1df_6.0.19041.1052_none_60b8f8fd71f5e8cb\COMCTL32.dll
0x00007ff933ad0000 - 0x00007ff933b00000 	C:\Windows\System32\IMM32.DLL
0x000000006e600000 - 0x000000006e6d2000 	C:\Program Files\Android\Android Studio\jre\jre\bin\msvcr100.dll
0x000000006dbc0000 - 0x000000006e40b000 	C:\Program Files\Android\Android Studio\jre\jre\bin\server\jvm.dll
0x00007ff934f10000 - 0x00007ff934f18000 	C:\Windows\System32\PSAPI.DLL
0x00007ff92a8f0000 - 0x00007ff92a8fa000 	C:\Windows\SYSTEM32\VERSION.dll
0x00007ff91acd0000 - 0x00007ff91acf7000 	C:\Windows\SYSTEM32\WINMM.dll
0x00007ff928520000 - 0x00007ff928529000 	C:\Windows\SYSTEM32\WSOCK32.dll
0x00007ff935680000 - 0x00007ff9356eb000 	C:\Windows\System32\WS2_32.dll
0x00007ff92e4e0000 - 0x00007ff92e4ef000 	C:\Program Files\Android\Android Studio\jre\jre\bin\verify.dll
0x00007ff926db0000 - 0x00007ff926dd9000 	C:\Program Files\Android\Android Studio\jre\jre\bin\java.dll
0x00007ff92e1e0000 - 0x00007ff92e1f6000 	C:\Program Files\Android\Android Studio\jre\jre\bin\zip.dll
0x00007ff933b00000 - 0x00007ff93423f000 	C:\Windows\System32\SHELL32.dll
0x00007ff930fa0000 - 0x00007ff931730000 	C:\Windows\SYSTEM32\windows.storage.dll
0x00007ff934bb0000 - 0x00007ff934f05000 	C:\Windows\System32\combase.dll
0x00007ff9328e0000 - 0x00007ff93290c000 	C:\Windows\SYSTEM32\Wldp.dll
0x00007ff9351f0000 - 0x00007ff93529e000 	C:\Windows\System32\SHCORE.dll
0x00007ff933a70000 - 0x00007ff933ac5000 	C:\Windows\System32\shlwapi.dll
0x00007ff932db0000 - 0x00007ff932dcf000 	C:\Windows\SYSTEM32\profapi.dll
0x00007ff92cd80000 - 0x00007ff92cd9a000 	C:\Program Files\Android\Android Studio\jre\jre\bin\net.dll
0x00007ff932650000 - 0x00007ff9326ba000 	C:\Windows\system32\mswsock.dll
0x00007ff915c10000 - 0x00007ff915c23000 	C:\Program Files\Android\Android Studio\jre\jre\bin\nio.dll
0x00007ff903c50000 - 0x00007ff903c77000 	C:\Users\david\.gradle\native\f6784746aeab05261644944871eae4fe03e0ef1612fff0a4a95f87b438bc6780\windows-amd64\native-platform.dll
0x00007ff92cbf0000 - 0x00007ff92cbfd000 	C:\Program Files\Android\Android Studio\jre\jre\bin\management.dll
0x00007ff932820000 - 0x00007ff932838000 	C:\Windows\SYSTEM32\CRYPTSP.dll
0x00007ff931f80000 - 0x00007ff931fb4000 	C:\Windows\system32\rsaenh.dll
0x00007ff933710000 - 0x00007ff933737000 	C:\Windows\System32\bcrypt.dll
0x00007ff932d70000 - 0x00007ff932d9e000 	C:\Windows\SYSTEM32\USERENV.dll
0x00007ff932e70000 - 0x00007ff932ef3000 	C:\Windows\System32\bcryptprimitives.dll
0x00007ff932840000 - 0x00007ff93284c000 	C:\Windows\SYSTEM32\CRYPTBASE.dll
0x00007ff9322f0000 - 0x00007ff93232b000 	C:\Windows\SYSTEM32\IPHLPAPI.DLL
0x00007ff934530000 - 0x00007ff934538000 	C:\Windows\System32\NSI.dll
0x00007ff92b910000 - 0x00007ff92b927000 	C:\Windows\SYSTEM32\dhcpcsvc6.DLL
0x00007ff92bde0000 - 0x00007ff92bdfd000 	C:\Windows\SYSTEM32\dhcpcsvc.DLL
0x00007ff932330000 - 0x00007ff9323fc000 	C:\Windows\SYSTEM32\DNSAPI.dll
0x00007ff92c960000 - 0x00007ff92c96b000 	C:\Windows\SYSTEM32\WINNSI.DLL

VM Arguments:
jvm_args: -Xmx2048m -Dfile.encoding=UTF-8 -Duser.country=PL -Duser.language=pl -Duser.variant 
java_command: org.gradle.launcher.daemon.bootstrap.GradleDaemon 6.5
java_class_path (initial): C:\Users\david\.gradle\wrapper\dists\gradle-6.5-all\2oz4ud9k3tuxjg84bbf55q0tn\gradle-6.5\lib\gradle-launcher-6.5.jar
Launcher Type: SUN_STANDARD

Environment Variables:
PATH=C:\Windows\system32;C:\Windows;C:\Windows\System32\Wbem;C:\Windows\System32\WindowsPowerShell\v1.0\;C:\Windows\System32\OpenSSH\;C:\Program Files (x86)\NVIDIA Corporation\PhysX\Common;C:\Program Files\NVIDIA Corporation\NVIDIA NvDLISR;C:\Program Files\Microsoft VS Code\bin;C:\Program Files\Git\cmd;C:\Users\david\AppData\Local\Microsoft\WindowsApps;C:\Users\david\AppData\Local\GitHubDesktop\bin
USERNAME=david
OS=Windows_NT
PROCESSOR_IDENTIFIER=Intel64 Family 6 Model 165 Stepping 2, GenuineIntel



---------------  S Y S T E M  ---------------

OS: Windows 10.0 , 64 bit Build 19041 (10.0.19041.1023)

CPU:total 12 (initial active 12) (6 cores per cpu, 2 threads per core) family 6 model 165 stepping 2, cmov, cx8, fxsr, mmx, sse, sse2, sse3, ssse3, sse4.1, sse4.2, popcnt, avx, avx2, aes, clmul, erms, 3dnowpref, lzcnt, ht, tsc, tscinvbit, bmi1, bmi2, adx

Memory: 4k page, physical 16682680k(137368k free), swap 49210532k(5400k free)

vm_info: OpenJDK 64-Bit Server VM (25.242-b01) for windows-amd64 JRE (1.8.0_242-release-1644-b01), built by "builder" with MS VC++ 10.0 (VS2010)

time: Sat Jun 12 19:27:22 2021
timezone: Œrodkowoeuropejski czas letni
elapsed time: 36 seconds (0d 0h 0m 36s)

